ERROR:root:'DOS Header magic not found.' [FILE ID - D:\08_Dataset\aug13_all\$IT95E6C.exe] 
ERROR:root:'DOS Header magic not found.' [FILE ID - D:\08_Dataset\aug13_all\$IVY6RWA.exe] 
ERROR:root:'DOS Header magic not found.' [FILE ID - D:\08_Dataset\aug13_all\$IT95E6C.exe] 
ERROR:root:'DOS Header magic not found.' [FILE ID - D:\08_Dataset\aug13_all\$IVY6RWA.exe] 
ERROR:root:'DOS Header magic not found.' [FILE ID - D:\08_Dataset\aug13_all\$IT95E6C.exe] 
ERROR:root:'DOS Header magic not found.' [FILE ID - D:\08_Dataset\aug13_all\$IVY6RWA.exe] 
ERROR:root:'DOS Header magic not found.' [FILE ID - D:\08_Dataset\aug13_all\$IVSAMLB.exe] 
ERROR:root:'DOS Header magic not found.' [FILE ID - D:\08_Dataset\aug13_all\$IVSAMLB.exe] 
ERROR:root:'DOS Header magic not found.' [FILE ID - D:\08_Dataset\aug13_all\$IVSAMLB.exe] 
ERROR:root:'DOS Header magic not found.' [FILE ID - D:\08_Dataset\aug13_all\$IONYOGU.exe] 
ERROR:root:'DOS Header magic not found.' [FILE ID - D:\08_Dataset\aug13_all\$IONYOGU.exe] 
ERROR:root:'DOS Header magic not found.' [FILE ID - D:\08_Dataset\aug13_all\$IONYOGU.exe] 
ERROR:root:'DOS Header magic not found.' [FILE ID - D:\08_Dataset\aug13_all\$IO2EMIZ.exe] 
ERROR:root:'DOS Header magic not found.' [FILE ID - D:\08_Dataset\aug13_all\$IX7SETE.exe] 
ERROR:root:'DOS Header magic not found.' [FILE ID - D:\08_Dataset\aug13_all\$IO2EMIZ.exe] 
ERROR:root:'DOS Header magic not found.' [FILE ID - D:\08_Dataset\aug13_all\$IX7SETE.exe] 
ERROR:root:'DOS Header magic not found.' [FILE ID - D:\08_Dataset\aug13_all\$IO2EMIZ.exe] 
ERROR:root:'DOS Header magic not found.' [FILE ID - D:\08_Dataset\aug13_all\$IX7SETE.exe] 
ERROR:root:'DOS Header magic not found.' [FILE ID - D:\08_Dataset\aug13_all\$IVVJSC4.exe] 
ERROR:root:'DOS Header magic not found.' [FILE ID - D:\08_Dataset\aug13_all\$IVVJSC4.exe] 
ERROR:root:'DOS Header magic not found.' [FILE ID - D:\08_Dataset\aug13_all\$IVVJSC4.exe] 
ERROR:root:'DOS Header magic not found.' [FILE ID - D:\08_Dataset\aug13_all\$I4XGPI4.exe] 
ERROR:root:'DOS Header magic not found.' [FILE ID - D:\08_Dataset\aug13_all\$I4XGPI4.exe] 
ERROR:root:'DOS Header magic not found.' [FILE ID - D:\08_Dataset\aug13_all\$I4XGPI4.exe] 
ERROR:root:'Invalid NT Headers signature. Probably a NE file' [FILE ID - D:\08_Dataset\aug13_all\W3LAUNCH.EXE] 
ERROR:root:'DOS Header magic not found.' [FILE ID - D:\08_Dataset\aug13_all\$IOL5N1A.exe] 
ERROR:root:'Invalid NT Headers signature. Probably a NE file' [FILE ID - D:\08_Dataset\aug13_all\W3LAUNCH.EXE] 
ERROR:root:'DOS Header magic not found.' [FILE ID - D:\08_Dataset\aug13_all\$IOL5N1A.exe] 
ERROR:root:'Invalid NT Headers signature. Probably a NE file' [FILE ID - D:\08_Dataset\aug13_all\W3LAUNCH.EXE] 
ERROR:root:'DOS Header magic not found.' [FILE ID - D:\08_Dataset\aug13_all\$IOL5N1A.exe] 
ERROR:root:'DOS Header magic not found.' [FILE ID - D:\08_Dataset\aug13_all\$I4DCE36.exe] 
ERROR:root:'DOS Header magic not found.' [FILE ID - D:\08_Dataset\aug13_all\$IDAES2K.exe] 
ERROR:root:'DOS Header magic not found.' [FILE ID - D:\08_Dataset\aug13_all\$I4DCE36.exe] 
ERROR:root:'DOS Header magic not found.' [FILE ID - D:\08_Dataset\aug13_all\$IDAES2K.exe] 
ERROR:root:'DOS Header magic not found.' [FILE ID - D:\08_Dataset\aug13_all\$I4DCE36.exe] 
ERROR:root:'DOS Header magic not found.' [FILE ID - D:\08_Dataset\aug13_all\$IDAES2K.exe] 
ERROR:root:'DOS Header magic not found.' [FILE ID - D:\08_Dataset\aug13_all\$IK6UG2U.exe] 
ERROR:root:'DOS Header magic not found.' [FILE ID - D:\08_Dataset\aug13_all\$IK6UG2U.exe] 
ERROR:root:'DOS Header magic not found.' [FILE ID - D:\08_Dataset\aug13_all\$IK6UG2U.exe] 
ERROR:root:'DOS Header magic not found.' [FILE ID - D:\08_Dataset\aug13_all\_90E1D72CD16AC2424C9950.exe] 
ERROR:root:'DOS Header magic not found.' [FILE ID - D:\08_Dataset\aug13_all\_90E1D72CD16AC2424C9950.exe] 
ERROR:root:'DOS Header magic not found.' [FILE ID - D:\08_Dataset\aug13_all\_90E1D72CD16AC2424C9950.exe] 
ERROR:root:'DOS Header magic not found.' [FILE ID - D:\08_Dataset\aug13_all\$I47TLED.exe] 
ERROR:root:'DOS Header magic not found.' [FILE ID - D:\08_Dataset\aug13_all\$I47TLED.exe] 
ERROR:root:'DOS Header magic not found.' [FILE ID - D:\08_Dataset\aug13_all\$I47TLED.exe] 
ERROR:root:'DOS Header magic not found.' [FILE ID - D:\08_Dataset\aug13_all\$IKTXLAR.exe] 
ERROR:root:'DOS Header magic not found.' [FILE ID - D:\08_Dataset\aug13_all\$IKTXLAR.exe] 
ERROR:root:'DOS Header magic not found.' [FILE ID - D:\08_Dataset\aug13_all\$IKTXLAR.exe] 
ERROR:root:'DOS Header magic not found.' [FILE ID - D:\08_Dataset\aug13_all\$IH7CS6B.exe] 
ERROR:root:'DOS Header magic not found.' [FILE ID - D:\08_Dataset\aug13_all\$IH7CS6B.exe] 
ERROR:root:'DOS Header magic not found.' [FILE ID - D:\08_Dataset\aug13_all\$IH7CS6B.exe] 
ERROR:root:'DOS Header magic not found.' [FILE ID - D:\08_Dataset\aug13_all\$I8P9APU.exe] 
ERROR:root:'DOS Header magic not found.' [FILE ID - D:\08_Dataset\aug13_all\$I8P9APU.exe] 
ERROR:root:'DOS Header magic not found.' [FILE ID - D:\08_Dataset\aug13_all\$I8P9APU.exe] 
ERROR:root:'DOS Header magic not found.' [FILE ID - D:\08_Dataset\aug13_all\$IV88654.exe] 
ERROR:root:'DOS Header magic not found.' [FILE ID - D:\08_Dataset\aug13_all\$IV88654.exe] 
ERROR:root:'DOS Header magic not found.' [FILE ID - D:\08_Dataset\aug13_all\$IV88654.exe] 
ERROR:root:'DOS Header magic not found.' [FILE ID - D:\08_Dataset\aug13_all\$IBYZCJL.exe] 
ERROR:root:'DOS Header magic not found.' [FILE ID - D:\08_Dataset\aug13_all\$IS9BYSW.exe] 
ERROR:root:'DOS Header magic not found.' [FILE ID - D:\08_Dataset\aug13_all\$IBYZCJL.exe] 
ERROR:root:'DOS Header magic not found.' [FILE ID - D:\08_Dataset\aug13_all\$IS9BYSW.exe] 
ERROR:root:'DOS Header magic not found.' [FILE ID - D:\08_Dataset\aug13_all\$IBYZCJL.exe] 
ERROR:root:'DOS Header magic not found.' [FILE ID - D:\08_Dataset\aug13_all\$IS9BYSW.exe] 
ERROR:root:'DOS Header magic not found.' [FILE ID - D:\08_Dataset\aug13_all\$INS8FGP.exe] 
ERROR:root:'DOS Header magic not found.' [FILE ID - D:\08_Dataset\aug13_all\$INS8FGP.exe] 
ERROR:root:'DOS Header magic not found.' [FILE ID - D:\08_Dataset\aug13_all\$INS8FGP.exe] 
ERROR:root:'DOS Header magic not found.' [FILE ID - D:\08_Dataset\aug13_all\$ICCK5TB.exe] 
ERROR:root:'DOS Header magic not found.' [FILE ID - D:\08_Dataset\aug13_all\$ICCK5TB.exe] 
ERROR:root:'DOS Header magic not found.' [FILE ID - D:\08_Dataset\aug13_all\$ICCK5TB.exe] 
ERROR:root:'DOS Header magic not found.' [FILE ID - D:\08_Dataset\aug13_all\$IFR9G71.exe] 
ERROR:root:'DOS Header magic not found.' [FILE ID - D:\08_Dataset\aug13_all\$IFR9G71.exe] 
ERROR:root:'DOS Header magic not found.' [FILE ID - D:\08_Dataset\aug13_all\$IFR9G71.exe] 
ERROR:root:'DOS Header magic not found.' [FILE ID - D:\08_Dataset\aug13_all\$ILHBS2W.exe] 
ERROR:root:'DOS Header magic not found.' [FILE ID - D:\08_Dataset\aug13_all\$ILHBS2W.exe] 
ERROR:root:'DOS Header magic not found.' [FILE ID - D:\08_Dataset\aug13_all\$ILHBS2W.exe] 
ERROR:root:'DOS Header magic not found.' [FILE ID - D:\08_Dataset\aug13_all\$IH6UEWA.exe] 
ERROR:root:'DOS Header magic not found.' [FILE ID - D:\08_Dataset\aug13_all\$IH6UEWA.exe] 
ERROR:root:'DOS Header magic not found.' [FILE ID - D:\08_Dataset\aug13_all\$IH6UEWA.exe] 
ERROR:root:'DOS Header magic not found.' [FILE ID - D:\08_Dataset\aug13_all\$IGXMFT0.exe] 
ERROR:root:'DOS Header magic not found.' [FILE ID - D:\08_Dataset\aug13_all\$IGXMFT0.exe] 
ERROR:root:'DOS Header magic not found.' [FILE ID - D:\08_Dataset\aug13_all\$IGXMFT0.exe] 
ERROR:root:'DOS Header magic not found.' [FILE ID - D:\08_Dataset\aug13_all\$I1D70P3.exe] 
ERROR:root:'DOS Header magic not found.' [FILE ID - D:\08_Dataset\aug13_all\$I1D70P3.exe] 
ERROR:root:'DOS Header magic not found.' [FILE ID - D:\08_Dataset\aug13_all\$I1D70P3.exe] 
ERROR:root:'DOS Header magic not found.' [FILE ID - D:\08_Dataset\aug13_all\$ICNKGEN.exe] 
ERROR:root:'DOS Header magic not found.' [FILE ID - D:\08_Dataset\aug13_all\$ICNKGEN.exe] 
ERROR:root:'DOS Header magic not found.' [FILE ID - D:\08_Dataset\aug13_all\$ICNKGEN.exe] 
ERROR:root:'DOS Header magic not found.' [FILE ID - D:\08_Dataset\aug13_all\$I32FVE4.exe] 
ERROR:root:'DOS Header magic not found.' [FILE ID - D:\08_Dataset\aug13_all\$I32FVE4.exe] 
ERROR:root:'DOS Header magic not found.' [FILE ID - D:\08_Dataset\aug13_all\$I32FVE4.exe] 
ERROR:root:'DOS Header magic not found.' [FILE ID - D:\08_Dataset\aug13_all\_1285D13F3418672D9802F8.exe] 
ERROR:root:'DOS Header magic not found.' [FILE ID - D:\08_Dataset\aug13_all\_1285D13F3418672D9802F8.exe] 
ERROR:root:'DOS Header magic not found.' [FILE ID - D:\08_Dataset\aug13_all\_1285D13F3418672D9802F8.exe] 
ERROR:root:'DOS Header magic not found.' [FILE ID - D:\08_Dataset\aug13_all\$I8LNJIW.exe] 
ERROR:root:'DOS Header magic not found.' [FILE ID - D:\08_Dataset\aug13_all\$I8LNJIW.exe] 
ERROR:root:'DOS Header magic not found.' [FILE ID - D:\08_Dataset\aug13_all\$I8LNJIW.exe] 
ERROR:root:'DOS Header magic not found.' [FILE ID - D:\08_Dataset\aug13_all\$I5A9Y87.exe] 
ERROR:root:'DOS Header magic not found.' [FILE ID - D:\08_Dataset\aug13_all\$I5A9Y87.exe] 
ERROR:root:'DOS Header magic not found.' [FILE ID - D:\08_Dataset\aug13_all\$I5A9Y87.exe] 
ERROR:root:'DOS Header magic not found.' [FILE ID - D:\08_Dataset\aug13_all\$IMH8ZOW.exe] 
ERROR:root:'DOS Header magic not found.' [FILE ID - D:\08_Dataset\aug13_all\$IMH8ZOW.exe] 
ERROR:root:'DOS Header magic not found.' [FILE ID - D:\08_Dataset\aug13_all\$IMH8ZOW.exe] 
ERROR:root:'DOS Header magic not found.' [FILE ID - D:\08_Dataset\aug13_all\$ISGKBFR.exe] 
ERROR:root:'DOS Header magic not found.' [FILE ID - D:\08_Dataset\aug13_all\$ISGKBFR.exe] 
ERROR:root:'DOS Header magic not found.' [FILE ID - D:\08_Dataset\aug13_all\$ISGKBFR.exe] 
ERROR:root:'DOS Header magic not found.' [FILE ID - D:\08_Dataset\aug13_all\$IQOPFYL.exe] 
ERROR:root:'DOS Header magic not found.' [FILE ID - D:\08_Dataset\aug13_all\$IQOPFYL.exe] 
ERROR:root:'DOS Header magic not found.' [FILE ID - D:\08_Dataset\aug13_all\$IQOPFYL.exe] 
ERROR:root:'DOS Header magic not found.' [FILE ID - D:\08_Dataset\aug13_all\$IMMHRXK.exe] 
ERROR:root:'DOS Header magic not found.' [FILE ID - D:\08_Dataset\aug13_all\$IMMHRXK.exe] 
ERROR:root:'DOS Header magic not found.' [FILE ID - D:\08_Dataset\aug13_all\$IMMHRXK.exe] 
ERROR:root:'DOS Header magic not found.' [FILE ID - D:\08_Dataset\aug13_all\$IP3WPA1.exe] 
ERROR:root:'DOS Header magic not found.' [FILE ID - D:\08_Dataset\aug13_all\$IP3WPA1.exe] 
ERROR:root:'DOS Header magic not found.' [FILE ID - D:\08_Dataset\aug13_all\$IP3WPA1.exe] 
ERROR:root:'DOS Header magic not found.' [FILE ID - D:\08_Dataset\aug13_all\$IX7SETE.exe] 
ERROR:root:'DOS Header magic not found.' [FILE ID - D:\08_Dataset\aug13_all\$IX7SETE.exe] 
ERROR:root:'DOS Header magic not found.' [FILE ID - D:\08_Dataset\aug13_all\$IX7SETE.exe] 
ERROR:root:'DOS Header magic not found.' [FILE ID - D:\08_Dataset\aug13_all\$I32FVE4.exe] 
ERROR:root:'DOS Header magic not found.' [FILE ID - D:\08_Dataset\aug13_all\$I32FVE4.exe] 
ERROR:root:'DOS Header magic not found.' [FILE ID - D:\08_Dataset\aug13_all\$I32FVE4.exe] 
ERROR:root:'DOS Header magic not found.' [FILE ID - D:\08_Dataset\aug13_all\$I433VT3.exe] 
ERROR:root:'DOS Header magic not found.' [FILE ID - D:\08_Dataset\aug13_all\$I433VT3.exe] 
ERROR:root:'DOS Header magic not found.' [FILE ID - D:\08_Dataset\aug13_all\$I433VT3.exe] 
ERROR:root:'DOS Header magic not found.' [FILE ID - D:\08_Dataset\aug13_all\$IKZYJMT.exe] 
ERROR:root:'DOS Header magic not found.' [FILE ID - D:\08_Dataset\aug13_all\$IYOC6LK.exe] 
ERROR:root:'DOS Header magic not found.' [FILE ID - D:\08_Dataset\aug13_all\$IKZYJMT.exe] 
ERROR:root:'DOS Header magic not found.' [FILE ID - D:\08_Dataset\aug13_all\$IYOC6LK.exe] 
ERROR:root:'DOS Header magic not found.' [FILE ID - D:\08_Dataset\aug13_all\$IKZYJMT.exe] 
ERROR:root:'DOS Header magic not found.' [FILE ID - D:\08_Dataset\aug13_all\$IYOC6LK.exe] 
ERROR:root:'DOS Header magic not found.' [FILE ID - D:\08_Dataset\aug13_all\$I9IUYAX.exe] 
ERROR:root:'DOS Header magic not found.' [FILE ID - D:\08_Dataset\aug13_all\$I9IUYAX.exe] 
ERROR:root:'DOS Header magic not found.' [FILE ID - D:\08_Dataset\aug13_all\$I9IUYAX.exe] 
ERROR:root:'DOS Header magic not found.' [FILE ID - D:\08_Dataset\aug13_all\_7DC3421293B61ACA87A111.exe] 
ERROR:root:'DOS Header magic not found.' [FILE ID - D:\08_Dataset\aug13_all\_7DC3421293B61ACA87A111.exe] 
ERROR:root:'DOS Header magic not found.' [FILE ID - D:\08_Dataset\aug13_all\_7DC3421293B61ACA87A111.exe] 
ERROR:root:'DOS Header magic not found.' [FILE ID - D:\08_Dataset\aug13_all\$IMDUN33.exe] 
ERROR:root:'DOS Header magic not found.' [FILE ID - D:\08_Dataset\aug13_all\$IMDUN33.exe] 
ERROR:root:'DOS Header magic not found.' [FILE ID - D:\08_Dataset\aug13_all\$IMDUN33.exe] 
ERROR:root:'DOS Header magic not found.' [FILE ID - D:\08_Dataset\aug13_all\$IWLYO3W.exe] 
ERROR:root:'DOS Header magic not found.' [FILE ID - D:\08_Dataset\aug13_all\$IWLYO3W.exe] 
ERROR:root:'DOS Header magic not found.' [FILE ID - D:\08_Dataset\aug13_all\$IWLYO3W.exe] 
ERROR:root:'DOS Header magic not found.' [FILE ID - D:\08_Dataset\aug13_all\$IV6TNPA.exe] 
ERROR:root:'DOS Header magic not found.' [FILE ID - D:\08_Dataset\aug13_all\$IV6TNPA.exe] 
ERROR:root:'DOS Header magic not found.' [FILE ID - D:\08_Dataset\aug13_all\$IV6TNPA.exe] 
ERROR:root:'DOS Header magic not found.' [FILE ID - D:\08_Dataset\aug13_all\$IP27ZTE.exe] 
ERROR:root:'DOS Header magic not found.' [FILE ID - D:\08_Dataset\aug13_all\$IP27ZTE.exe] 
ERROR:root:'DOS Header magic not found.' [FILE ID - D:\08_Dataset\aug13_all\$IP27ZTE.exe] 
ERROR:root:'DOS Header magic not found.' [FILE ID - D:\08_Dataset\aug13_all\$IAXUMGY.exe] 
ERROR:root:'DOS Header magic not found.' [FILE ID - D:\08_Dataset\aug13_all\$IAXUMGY.exe] 
ERROR:root:'DOS Header magic not found.' [FILE ID - D:\08_Dataset\aug13_all\$IAXUMGY.exe] 
ERROR:root:'DOS Header magic not found.' [FILE ID - D:\08_Dataset\aug13_all\_EBEA1A7318D5332D3E3FCB.exe] 
ERROR:root:'DOS Header magic not found.' [FILE ID - D:\08_Dataset\aug13_all\_EBEA1A7318D5332D3E3FCB.exe] 
ERROR:root:'DOS Header magic not found.' [FILE ID - D:\08_Dataset\aug13_all\_EBEA1A7318D5332D3E3FCB.exe] 
ERROR:root:'DOS Header magic not found.' [FILE ID - D:\08_Dataset\aug13_all\$I7F29XJ.exe] 
ERROR:root:'DOS Header magic not found.' [FILE ID - D:\08_Dataset\aug13_all\$I7F29XJ.exe] 
ERROR:root:'DOS Header magic not found.' [FILE ID - D:\08_Dataset\aug13_all\$I7F29XJ.exe] 
ERROR:root:'DOS Header magic not found.' [FILE ID - D:\08_Dataset\aug13_all\$IPW2ZBE.exe] 
ERROR:root:'DOS Header magic not found.' [FILE ID - D:\08_Dataset\aug13_all\$IPW2ZBE.exe] 
ERROR:root:'DOS Header magic not found.' [FILE ID - D:\08_Dataset\aug13_all\$IPW2ZBE.exe] 
ERROR:root:'DOS Header magic not found.' [FILE ID - D:\08_Dataset\aug13_all\$I880238.exe] 
ERROR:root:'DOS Header magic not found.' [FILE ID - D:\08_Dataset\aug13_all\$I880238.exe] 
ERROR:root:'DOS Header magic not found.' [FILE ID - D:\08_Dataset\aug13_all\$I880238.exe] 
ERROR:root:'DOS Header magic not found.' [FILE ID - D:\08_Dataset\aug13_all\$IFLRRPA.exe] 
ERROR:root:'DOS Header magic not found.' [FILE ID - D:\08_Dataset\aug13_all\$IFLRRPA.exe] 
ERROR:root:'DOS Header magic not found.' [FILE ID - D:\08_Dataset\aug13_all\$IFLRRPA.exe] 
ERROR:root:'DOS Header magic not found.' [FILE ID - D:\08_Dataset\aug13_all\$IB9X0GN.exe] 
ERROR:root:'DOS Header magic not found.' [FILE ID - D:\08_Dataset\aug13_all\$IB9X0GN.exe] 
ERROR:root:'DOS Header magic not found.' [FILE ID - D:\08_Dataset\aug13_all\$IB9X0GN.exe] 
ERROR:root:'DOS Header magic not found.' [FILE ID - D:\08_Dataset\aug13_all\_6927E3DC0A0FA5621933DC.exe] 
ERROR:root:'DOS Header magic not found.' [FILE ID - D:\08_Dataset\aug13_all\_6927E3DC0A0FA5621933DC.exe] 
ERROR:root:'DOS Header magic not found.' [FILE ID - D:\08_Dataset\aug13_all\_6927E3DC0A0FA5621933DC.exe] 
ERROR:root:'DOS Header magic not found.' [FILE ID - D:\08_Dataset\aug13_all\application.exe] 
ERROR:root:'DOS Header magic not found.' [FILE ID - D:\08_Dataset\aug13_all\application.exe] 
ERROR:root:'DOS Header magic not found.' [FILE ID - D:\08_Dataset\aug13_all\application.exe] 
ERROR:root:'DOS Header magic not found.' [FILE ID - D:\08_Dataset\aug13_all\$IC7B8LX.exe] 
ERROR:root:'DOS Header magic not found.' [FILE ID - D:\08_Dataset\aug13_all\$IC7B8LX.exe] 
ERROR:root:'DOS Header magic not found.' [FILE ID - D:\08_Dataset\aug13_all\$IC7B8LX.exe] 
ERROR:root:'DOS Header magic not found.' [FILE ID - D:\08_Dataset\aug13_all\$IRRYEDQ.exe] 
ERROR:root:'DOS Header magic not found.' [FILE ID - D:\08_Dataset\aug13_all\$IRRYEDQ.exe] 
ERROR:root:'DOS Header magic not found.' [FILE ID - D:\08_Dataset\aug13_all\$IRRYEDQ.exe] 
ERROR:root:'DOS Header magic not found.' [FILE ID - D:\08_Dataset\aug13_all\$I4BM43P.exe] 
ERROR:root:'DOS Header magic not found.' [FILE ID - D:\08_Dataset\aug13_all\$I4BM43P.exe] 
ERROR:root:'DOS Header magic not found.' [FILE ID - D:\08_Dataset\aug13_all\$I4BM43P.exe] 
ERROR:root:'DOS Header magic not found.' [FILE ID - D:\08_Dataset\aug13_all\$I1Q7IA1.exe] 
ERROR:root:'DOS Header magic not found.' [FILE ID - D:\08_Dataset\aug13_all\$I1Q7IA1.exe] 
ERROR:root:'DOS Header magic not found.' [FILE ID - D:\08_Dataset\aug13_all\$I1Q7IA1.exe] 
ERROR:root:'DOS Header magic not found.' [FILE ID - D:\08_Dataset\aug13_all\$I4W29X1.exe] 
ERROR:root:'DOS Header magic not found.' [FILE ID - D:\08_Dataset\aug13_all\$I4W29X1.exe] 
ERROR:root:'DOS Header magic not found.' [FILE ID - D:\08_Dataset\aug13_all\$I4W29X1.exe] 
ERROR:root:'Invalid e_lfanew value, probably not a PE file' [FILE ID - D:\08_Dataset\aug13_all\GET.EXE] 
ERROR:root:'Invalid e_lfanew value, probably not a PE file' [FILE ID - D:\08_Dataset\aug13_all\GET.EXE] 
ERROR:root:'Invalid e_lfanew value, probably not a PE file' [FILE ID - D:\08_Dataset\aug13_all\GET.EXE] 
ERROR:root:'DOS Header magic not found.' [FILE ID - D:\08_Dataset\aug13_all\$I5QSZNP.exe] 
ERROR:root:'DOS Header magic not found.' [FILE ID - D:\08_Dataset\aug13_all\$I5QSZNP.exe] 
ERROR:root:'DOS Header magic not found.' [FILE ID - D:\08_Dataset\aug13_all\$I5QSZNP.exe] 
ERROR:root:'DOS Header magic not found.' [FILE ID - D:\08_Dataset\aug13_all\$IOVKYUJ.exe] 
ERROR:root:'DOS Header magic not found.' [FILE ID - D:\08_Dataset\aug13_all\$I172F6C.exe] 
ERROR:root:'DOS Header magic not found.' [FILE ID - D:\08_Dataset\aug13_all\$IOVKYUJ.exe] 
ERROR:root:'DOS Header magic not found.' [FILE ID - D:\08_Dataset\aug13_all\$I172F6C.exe] 
ERROR:root:'DOS Header magic not found.' [FILE ID - D:\08_Dataset\aug13_all\$IOVKYUJ.exe] 
ERROR:root:'DOS Header magic not found.' [FILE ID - D:\08_Dataset\aug13_all\$I172F6C.exe] 
ERROR:root:'DOS Header magic not found.' [FILE ID - D:\08_Dataset\aug13_all\$IPT56QH.exe] 
ERROR:root:'DOS Header magic not found.' [FILE ID - D:\08_Dataset\aug13_all\$IPT56QH.exe] 
ERROR:root:'DOS Header magic not found.' [FILE ID - D:\08_Dataset\aug13_all\$IPT56QH.exe] 
ERROR:root:'DOS Header magic not found.' [FILE ID - D:\08_Dataset\aug13_all\$IKCXPMR.exe] 
ERROR:root:'DOS Header magic not found.' [FILE ID - D:\08_Dataset\aug13_all\$IKCXPMR.exe] 
ERROR:root:'DOS Header magic not found.' [FILE ID - D:\08_Dataset\aug13_all\$IKCXPMR.exe] 
ERROR:root:'DOS Header magic not found.' [FILE ID - D:\08_Dataset\aug13_all\$I6N80YB.exe] 
ERROR:root:'DOS Header magic not found.' [FILE ID - D:\08_Dataset\aug13_all\$I6N80YB.exe] 
ERROR:root:'DOS Header magic not found.' [FILE ID - D:\08_Dataset\aug13_all\$I6N80YB.exe] 
ERROR:root:'DOS Header magic not found.' [FILE ID - D:\08_Dataset\aug13_all\WebPlatformInstaller.exe] 
ERROR:root:'DOS Header magic not found.' [FILE ID - D:\08_Dataset\aug13_all\WebPlatformInstaller.exe] 
ERROR:root:'DOS Header magic not found.' [FILE ID - D:\08_Dataset\aug13_all\WebPlatformInstaller.exe] 
ERROR:root:'DOS Header magic not found.' [FILE ID - D:\08_Dataset\aug13_all\$IZXKOCG.exe] 
ERROR:root:'DOS Header magic not found.' [FILE ID - D:\08_Dataset\aug13_all\$IZXKOCG.exe] 
ERROR:root:'DOS Header magic not found.' [FILE ID - D:\08_Dataset\aug13_all\$IZXKOCG.exe] 
ERROR:root:'DOS Header magic not found.' [FILE ID - D:\08_Dataset\aug13_all\$I9E9BEV.exe] 
ERROR:root:'DOS Header magic not found.' [FILE ID - D:\08_Dataset\aug13_all\$I9E9BEV.exe] 
ERROR:root:'DOS Header magic not found.' [FILE ID - D:\08_Dataset\aug13_all\$I9E9BEV.exe] 
ERROR:root:'DOS Header magic not found.' [FILE ID - D:\08_Dataset\aug13_all\$IJCYVSZ.exe] 
ERROR:root:'DOS Header magic not found.' [FILE ID - D:\08_Dataset\aug13_all\$IJCYVSZ.exe] 
ERROR:root:'DOS Header magic not found.' [FILE ID - D:\08_Dataset\aug13_all\$IJCYVSZ.exe] 
ERROR:root:'DOS Header magic not found.' [FILE ID - D:\08_Dataset\aug13_all\$IMQS1FI.exe] 
ERROR:root:'DOS Header magic not found.' [FILE ID - D:\08_Dataset\aug13_all\$IMQS1FI.exe] 
ERROR:root:'DOS Header magic not found.' [FILE ID - D:\08_Dataset\aug13_all\$IMQS1FI.exe] 
ERROR:root:'DOS Header magic not found.' [FILE ID - D:\08_Dataset\aug13_all\$INQ8ONU.exe] 
ERROR:root:'DOS Header magic not found.' [FILE ID - D:\08_Dataset\aug13_all\$INQ8ONU.exe] 
ERROR:root:'DOS Header magic not found.' [FILE ID - D:\08_Dataset\aug13_all\$INQ8ONU.exe] 
ERROR:root:'DOS Header magic not found.' [FILE ID - D:\08_Dataset\aug13_all\$IZ1597X.exe] 
ERROR:root:'DOS Header magic not found.' [FILE ID - D:\08_Dataset\aug13_all\$IZ1597X.exe] 
ERROR:root:'DOS Header magic not found.' [FILE ID - D:\08_Dataset\aug13_all\$IZ1597X.exe] 
ERROR:root:'DOS Header magic not found.' [FILE ID - D:\08_Dataset\aug13_all\$INOS6BM.exe] 
ERROR:root:'DOS Header magic not found.' [FILE ID - D:\08_Dataset\aug13_all\$ID5092V.exe] 
ERROR:root:'DOS Header magic not found.' [FILE ID - D:\08_Dataset\aug13_all\$INOS6BM.exe] 
ERROR:root:'DOS Header magic not found.' [FILE ID - D:\08_Dataset\aug13_all\$ID5092V.exe] 
ERROR:root:'DOS Header magic not found.' [FILE ID - D:\08_Dataset\aug13_all\$INOS6BM.exe] 
ERROR:root:'DOS Header magic not found.' [FILE ID - D:\08_Dataset\aug13_all\$ID5092V.exe] 
ERROR:root:'DOS Header magic not found.' [FILE ID - D:\08_Dataset\aug13_all\$IJ4B3SF.exe] 
ERROR:root:'DOS Header magic not found.' [FILE ID - D:\08_Dataset\aug13_all\$IJ4B3SF.exe] 
ERROR:root:'DOS Header magic not found.' [FILE ID - D:\08_Dataset\aug13_all\$IJ4B3SF.exe] 
ERROR:root:'DOS Header magic not found.' [FILE ID - D:\08_Dataset\aug13_all\$I172F6C.exe] 
ERROR:root:'DOS Header magic not found.' [FILE ID - D:\08_Dataset\aug13_all\$IG0E2F1.exe] 
ERROR:root:'DOS Header magic not found.' [FILE ID - D:\08_Dataset\aug13_all\$I172F6C.exe] 
ERROR:root:'DOS Header magic not found.' [FILE ID - D:\08_Dataset\aug13_all\$IG0E2F1.exe] 
ERROR:root:'DOS Header magic not found.' [FILE ID - D:\08_Dataset\aug13_all\$I172F6C.exe] 
ERROR:root:'DOS Header magic not found.' [FILE ID - D:\08_Dataset\aug13_all\$IG0E2F1.exe] 
ERROR:root:'DOS Header magic not found.' [FILE ID - D:\08_Dataset\aug13_all\$INOS6BM.exe] 
ERROR:root:'DOS Header magic not found.' [FILE ID - D:\08_Dataset\aug13_all\$INOS6BM.exe] 
ERROR:root:'DOS Header magic not found.' [FILE ID - D:\08_Dataset\aug13_all\$INOS6BM.exe] 
ERROR:root:'DOS Header magic not found.' [FILE ID - D:\08_Dataset\aug13_all\$IQOPFYL.exe] 
ERROR:root:'DOS Header magic not found.' [FILE ID - D:\08_Dataset\aug13_all\$IQOPFYL.exe] 
ERROR:root:'DOS Header magic not found.' [FILE ID - D:\08_Dataset\aug13_all\$IQOPFYL.exe] 
ERROR:root:'DOS Header magic not found.' [FILE ID - D:\08_Dataset\aug13_all\$IB5YPZH.exe] 
ERROR:root:'DOS Header magic not found.' [FILE ID - D:\08_Dataset\aug13_all\$IB5YPZH.exe] 
ERROR:root:'DOS Header magic not found.' [FILE ID - D:\08_Dataset\aug13_all\$IB5YPZH.exe] 
ERROR:root:'DOS Header magic not found.' [FILE ID - D:\08_Dataset\aug13_all\$IHRJWX6.exe] 
ERROR:root:'DOS Header magic not found.' [FILE ID - D:\08_Dataset\aug13_all\$IHRJWX6.exe] 
ERROR:root:'DOS Header magic not found.' [FILE ID - D:\08_Dataset\aug13_all\$IHRJWX6.exe] 
ERROR:root:'DOS Header magic not found.' [FILE ID - D:\08_Dataset\aug13_all\$I6KUAGP.exe] 
ERROR:root:'DOS Header magic not found.' [FILE ID - D:\08_Dataset\aug13_all\$I6KUAGP.exe] 
ERROR:root:'DOS Header magic not found.' [FILE ID - D:\08_Dataset\aug13_all\$I6KUAGP.exe] 
ERROR:root:'DOS Header magic not found.' [FILE ID - D:\08_Dataset\aug13_all\$IAC65OF.exe] 
ERROR:root:'DOS Header magic not found.' [FILE ID - D:\08_Dataset\aug13_all\$IM9J43D.exe] 
ERROR:root:'DOS Header magic not found.' [FILE ID - D:\08_Dataset\aug13_all\$IAC65OF.exe] 
ERROR:root:'DOS Header magic not found.' [FILE ID - D:\08_Dataset\aug13_all\$IM9J43D.exe] 
ERROR:root:'DOS Header magic not found.' [FILE ID - D:\08_Dataset\aug13_all\$IAC65OF.exe] 
ERROR:root:'DOS Header magic not found.' [FILE ID - D:\08_Dataset\aug13_all\$IM9J43D.exe] 
ERROR:root:'DOS Header magic not found.' [FILE ID - D:\08_Dataset\aug13_all\$I4XGPI4.exe] 
ERROR:root:'DOS Header magic not found.' [FILE ID - D:\08_Dataset\aug13_all\$I4XGPI4.exe] 
ERROR:root:'DOS Header magic not found.' [FILE ID - D:\08_Dataset\aug13_all\$I4XGPI4.exe] 
ERROR:root:'DOS Header magic not found.' [FILE ID - D:\08_Dataset\aug13_all\$I633Z6S.exe] 
ERROR:root:'DOS Header magic not found.' [FILE ID - D:\08_Dataset\aug13_all\$I633Z6S.exe] 
ERROR:root:'DOS Header magic not found.' [FILE ID - D:\08_Dataset\aug13_all\$I633Z6S.exe] 
ERROR:root:'DOS Header magic not found.' [FILE ID - D:\08_Dataset\aug13_all\$I3NQK05.exe] 
ERROR:root:'DOS Header magic not found.' [FILE ID - D:\08_Dataset\aug13_all\$I3NQK05.exe] 
ERROR:root:'DOS Header magic not found.' [FILE ID - D:\08_Dataset\aug13_all\$I3NQK05.exe] 
ERROR:root:'DOS Header magic not found.' [FILE ID - D:\08_Dataset\aug13_all\$I3NQK05.exe] 
ERROR:root:'DOS Header magic not found.' [FILE ID - D:\08_Dataset\aug13_all\$I3NQK05.exe] 
ERROR:root:'DOS Header magic not found.' [FILE ID - D:\08_Dataset\aug13_all\$I3NQK05.exe] 
ERROR:root:'DOS Header magic not found.' [FILE ID - D:\08_Dataset\aug13_all\$IS768R1.exe] 
ERROR:root:'DOS Header magic not found.' [FILE ID - D:\08_Dataset\aug13_all\$IS768R1.exe] 
ERROR:root:'DOS Header magic not found.' [FILE ID - D:\08_Dataset\aug13_all\$IS768R1.exe] 
ERROR:root:'DOS Header magic not found.' [FILE ID - D:\08_Dataset\aug13_all\$IQZ4RKD.exe] 
ERROR:root:'DOS Header magic not found.' [FILE ID - D:\08_Dataset\aug13_all\$IQZ4RKD.exe] 
ERROR:root:'DOS Header magic not found.' [FILE ID - D:\08_Dataset\aug13_all\$IQZ4RKD.exe] 
ERROR:root:'DOS Header magic not found.' [FILE ID - D:\08_Dataset\aug13_all\ext.exe] 
ERROR:root:'DOS Header magic not found.' [FILE ID - D:\08_Dataset\aug13_all\ext.exe] 
ERROR:root:'DOS Header magic not found.' [FILE ID - D:\08_Dataset\aug13_all\ext.exe] 
ERROR:root:'DOS Header magic not found.' [FILE ID - D:\08_Dataset\aug13_all\_056FFEE1F76C2230A5469D.exe] 
ERROR:root:'DOS Header magic not found.' [FILE ID - D:\08_Dataset\aug13_all\_056FFEE1F76C2230A5469D.exe] 
ERROR:root:'DOS Header magic not found.' [FILE ID - D:\08_Dataset\aug13_all\_056FFEE1F76C2230A5469D.exe] 
ERROR:root:'DOS Header magic not found.' [FILE ID - D:\08_Dataset\aug13_all\$IHTOK0R.exe] 
ERROR:root:'DOS Header magic not found.' [FILE ID - D:\08_Dataset\aug13_all\$IHTOK0R.exe] 
ERROR:root:'DOS Header magic not found.' [FILE ID - D:\08_Dataset\aug13_all\$IHTOK0R.exe] 
ERROR:root:'DOS Header magic not found.' [FILE ID - D:\08_Dataset\aug13_all\_C16188BCCE6BC31329C336.exe] 
ERROR:root:'DOS Header magic not found.' [FILE ID - D:\08_Dataset\aug13_all\_C16188BCCE6BC31329C336.exe] 
ERROR:root:'DOS Header magic not found.' [FILE ID - D:\08_Dataset\aug13_all\_C16188BCCE6BC31329C336.exe] 
ERROR:root:'Invalid NT Headers signature. Probably a NE file' [FILE ID - D:\08_Dataset\aug13_all\W3LAUNCH.EXE] 
ERROR:root:'Invalid NT Headers signature. Probably a NE file' [FILE ID - D:\08_Dataset\aug13_all\W3LAUNCH.EXE] 
ERROR:root:'Invalid NT Headers signature. Probably a NE file' [FILE ID - D:\08_Dataset\aug13_all\W3LAUNCH.EXE] 
ERROR:root:'DOS Header magic not found.' [FILE ID - D:\08_Dataset\aug13_all\$I6IUFOG.exe] 
ERROR:root:'DOS Header magic not found.' [FILE ID - D:\08_Dataset\aug13_all\$I6IUFOG.exe] 
ERROR:root:'DOS Header magic not found.' [FILE ID - D:\08_Dataset\aug13_all\$I6IUFOG.exe] 
ERROR:root:'DOS Header magic not found.' [FILE ID - D:\08_Dataset\aug13_all\$I79SPWL.exe] 
ERROR:root:'DOS Header magic not found.' [FILE ID - D:\08_Dataset\aug13_all\$I79SPWL.exe] 
ERROR:root:'DOS Header magic not found.' [FILE ID - D:\08_Dataset\aug13_all\$I79SPWL.exe] 
ERROR:root:'DOS Header magic not found.' [FILE ID - D:\08_Dataset\aug13_all\$I47TLED.exe] 
ERROR:root:'DOS Header magic not found.' [FILE ID - D:\08_Dataset\aug13_all\$I47TLED.exe] 
ERROR:root:'DOS Header magic not found.' [FILE ID - D:\08_Dataset\aug13_all\$I47TLED.exe] 
ERROR:root:'DOS Header magic not found.' [FILE ID - D:\08_Dataset\aug13_all\$IQJPJNI.exe] 
ERROR:root:'DOS Header magic not found.' [FILE ID - D:\08_Dataset\aug13_all\$IQJPJNI.exe] 
ERROR:root:'DOS Header magic not found.' [FILE ID - D:\08_Dataset\aug13_all\$IQJPJNI.exe] 
ERROR:root:'DOS Header magic not found.' [FILE ID - D:\08_Dataset\aug13_all\$IN6749Q.exe] 
ERROR:root:'DOS Header magic not found.' [FILE ID - D:\08_Dataset\aug13_all\$IN6749Q.exe] 
ERROR:root:'DOS Header magic not found.' [FILE ID - D:\08_Dataset\aug13_all\$IN6749Q.exe] 
ERROR:root:'DOS Header magic not found.' [FILE ID - D:\08_Dataset\aug13_all\$IHQMYH7.exe] 
ERROR:root:'DOS Header magic not found.' [FILE ID - D:\08_Dataset\aug13_all\$IHQMYH7.exe] 
ERROR:root:'DOS Header magic not found.' [FILE ID - D:\08_Dataset\aug13_all\$IHQMYH7.exe] 
ERROR:root:'DOS Header magic not found.' [FILE ID - D:\08_Dataset\aug13_all\$IMN1BJU.exe] 
ERROR:root:'DOS Header magic not found.' [FILE ID - D:\08_Dataset\aug13_all\$IMN1BJU.exe] 
ERROR:root:'DOS Header magic not found.' [FILE ID - D:\08_Dataset\aug13_all\$IMN1BJU.exe] 
ERROR:root:'DOS Header magic not found.' [FILE ID - D:\08_Dataset\aug13_all\$IU2VBJZ.exe] 
ERROR:root:'DOS Header magic not found.' [FILE ID - D:\08_Dataset\aug13_all\$IU2VBJZ.exe] 
ERROR:root:'DOS Header magic not found.' [FILE ID - D:\08_Dataset\aug13_all\$IU2VBJZ.exe] 
ERROR:root:'DOS Header magic not found.' [FILE ID - D:\08_Dataset\aug13_all\$IM16T7A.exe] 
ERROR:root:'DOS Header magic not found.' [FILE ID - D:\08_Dataset\aug13_all\$IM16T7A.exe] 
ERROR:root:'DOS Header magic not found.' [FILE ID - D:\08_Dataset\aug13_all\$IM16T7A.exe] 
ERROR:root:'DOS Header magic not found.' [FILE ID - D:\08_Dataset\aug13_all\$IG2IAYL.exe] 
ERROR:root:'DOS Header magic not found.' [FILE ID - D:\08_Dataset\aug13_all\$ILC8RK2.exe] 
ERROR:root:'DOS Header magic not found.' [FILE ID - D:\08_Dataset\aug13_all\$IG2IAYL.exe] 
ERROR:root:'DOS Header magic not found.' [FILE ID - D:\08_Dataset\aug13_all\$ILC8RK2.exe] 
ERROR:root:'DOS Header magic not found.' [FILE ID - D:\08_Dataset\aug13_all\$IG2IAYL.exe] 
ERROR:root:'DOS Header magic not found.' [FILE ID - D:\08_Dataset\aug13_all\$ILC8RK2.exe] 
ERROR:root:'DOS Header magic not found.' [FILE ID - D:\08_Dataset\aug13_all\_BA81086DBE9061B98F6099.exe] 
ERROR:root:'DOS Header magic not found.' [FILE ID - D:\08_Dataset\aug13_all\_BA81086DBE9061B98F6099.exe] 
ERROR:root:'DOS Header magic not found.' [FILE ID - D:\08_Dataset\aug13_all\_BA81086DBE9061B98F6099.exe] 
ERROR:root:'DOS Header magic not found.' [FILE ID - D:\08_Dataset\aug13_all\$IU7R9FO.exe] 
ERROR:root:'DOS Header magic not found.' [FILE ID - D:\08_Dataset\aug13_all\$IU7R9FO.exe] 
ERROR:root:'DOS Header magic not found.' [FILE ID - D:\08_Dataset\aug13_all\$IU7R9FO.exe] 
ERROR:root:'DOS Header magic not found.' [FILE ID - D:\08_Dataset\aug13_all\$IWNE7W8.exe] 
ERROR:root:'DOS Header magic not found.' [FILE ID - D:\08_Dataset\aug13_all\$IV1QHS5.exe] 
ERROR:root:'DOS Header magic not found.' [FILE ID - D:\08_Dataset\aug13_all\$IWNE7W8.exe] 
ERROR:root:'DOS Header magic not found.' [FILE ID - D:\08_Dataset\aug13_all\$IV1QHS5.exe] 
ERROR:root:'DOS Header magic not found.' [FILE ID - D:\08_Dataset\aug13_all\$IWNE7W8.exe] 
ERROR:root:'DOS Header magic not found.' [FILE ID - D:\08_Dataset\aug13_all\$IV1QHS5.exe] 
ERROR:root:'DOS Header magic not found.' [FILE ID - D:\08_Dataset\aug13_all\$IBGG08C.exe] 
ERROR:root:'DOS Header magic not found.' [FILE ID - D:\08_Dataset\aug13_all\$IBGG08C.exe] 
ERROR:root:'DOS Header magic not found.' [FILE ID - D:\08_Dataset\aug13_all\$IBGG08C.exe] 
ERROR:root:'DOS Header magic not found.' [FILE ID - D:\08_Dataset\aug13_all\$ICCOFU8.exe] 
ERROR:root:'DOS Header magic not found.' [FILE ID - D:\08_Dataset\aug13_all\$ICCOFU8.exe] 
ERROR:root:'DOS Header magic not found.' [FILE ID - D:\08_Dataset\aug13_all\$ICCOFU8.exe] 
ERROR:root:'DOS Header magic not found.' [FILE ID - D:\08_Dataset\aug13_all\$IWNE7W8.exe] 
ERROR:root:'DOS Header magic not found.' [FILE ID - D:\08_Dataset\aug13_all\$IWNE7W8.exe] 
ERROR:root:'DOS Header magic not found.' [FILE ID - D:\08_Dataset\aug13_all\$IWNE7W8.exe] 
ERROR:root:'DOS Header magic not found.' [FILE ID - D:\08_Dataset\aug13_all\$I9QP609.exe] 
ERROR:root:'DOS Header magic not found.' [FILE ID - D:\08_Dataset\aug13_all\$I9QP609.exe] 
ERROR:root:'DOS Header magic not found.' [FILE ID - D:\08_Dataset\aug13_all\$I9QP609.exe] 
ERROR:root:'DOS Header magic not found.' [FILE ID - D:\08_Dataset\aug13_all\$I9QP609.exe] 
ERROR:root:'DOS Header magic not found.' [FILE ID - D:\08_Dataset\aug13_all\$I6HPN0Y.exe] 
ERROR:root:'DOS Header magic not found.' [FILE ID - D:\08_Dataset\aug13_all\$IL2ZGGS.exe] 
ERROR:root:'DOS Header magic not found.' [FILE ID - D:\08_Dataset\aug13_all\$I9QP609.exe] 
ERROR:root:'DOS Header magic not found.' [FILE ID - D:\08_Dataset\aug13_all\$I6HPN0Y.exe] 
ERROR:root:'DOS Header magic not found.' [FILE ID - D:\08_Dataset\aug13_all\$IL2ZGGS.exe] 
ERROR:root:'DOS Header magic not found.' [FILE ID - D:\08_Dataset\aug13_all\$I9QP609.exe] 
ERROR:root:'DOS Header magic not found.' [FILE ID - D:\08_Dataset\aug13_all\$I6HPN0Y.exe] 
ERROR:root:'DOS Header magic not found.' [FILE ID - D:\08_Dataset\aug13_all\$IL2ZGGS.exe] 
ERROR:root:'DOS Header magic not found.' [FILE ID - D:\08_Dataset\aug13_all\$IY3X6J7.exe] 
ERROR:root:'DOS Header magic not found.' [FILE ID - D:\08_Dataset\aug13_all\$IYX4FM9.exe] 
ERROR:root:'DOS Header magic not found.' [FILE ID - D:\08_Dataset\aug13_all\$IY3X6J7.exe] 
ERROR:root:'DOS Header magic not found.' [FILE ID - D:\08_Dataset\aug13_all\$IYX4FM9.exe] 
ERROR:root:'DOS Header magic not found.' [FILE ID - D:\08_Dataset\aug13_all\$IY3X6J7.exe] 
ERROR:root:'DOS Header magic not found.' [FILE ID - D:\08_Dataset\aug13_all\$IYX4FM9.exe] 
ERROR:root:'DOS Header magic not found.' [FILE ID - D:\08_Dataset\aug13_all\$IQTMPN3.exe] 
ERROR:root:'DOS Header magic not found.' [FILE ID - D:\08_Dataset\aug13_all\$IQTMPN3.exe] 
ERROR:root:'DOS Header magic not found.' [FILE ID - D:\08_Dataset\aug13_all\$IQTMPN3.exe] 
ERROR:root:'DOS Header magic not found.' [FILE ID - D:\08_Dataset\aug13_all\$I3PP0BF.exe] 
ERROR:root:'DOS Header magic not found.' [FILE ID - D:\08_Dataset\aug13_all\$I3PP0BF.exe] 
ERROR:root:'DOS Header magic not found.' [FILE ID - D:\08_Dataset\aug13_all\$I3PP0BF.exe] 
ERROR:root:'DOS Header magic not found.' [FILE ID - D:\08_Dataset\aug13_all\$I0YYI1Y.exe] 
ERROR:root:'DOS Header magic not found.' [FILE ID - D:\08_Dataset\aug13_all\$I0YYI1Y.exe] 
ERROR:root:'DOS Header magic not found.' [FILE ID - D:\08_Dataset\aug13_all\$I0YYI1Y.exe] 
ERROR:root:'DOS Header magic not found.' [FILE ID - D:\08_Dataset\aug13_all\$ICDNXSI.exe] 
ERROR:root:'DOS Header magic not found.' [FILE ID - D:\08_Dataset\aug13_all\$ICDNXSI.exe] 
ERROR:root:'DOS Header magic not found.' [FILE ID - D:\08_Dataset\aug13_all\$ICDNXSI.exe] 
ERROR:root:'DOS Header magic not found.' [FILE ID - D:\08_Dataset\aug13_all\$I483U5V.exe] 
ERROR:root:'DOS Header magic not found.' [FILE ID - D:\08_Dataset\aug13_all\$I483U5V.exe] 
ERROR:root:'DOS Header magic not found.' [FILE ID - D:\08_Dataset\aug13_all\$I483U5V.exe] 
ERROR:root:'DOS Header magic not found.' [FILE ID - D:\08_Dataset\aug13_all\$IFCC1CV.exe] 
ERROR:root:'DOS Header magic not found.' [FILE ID - D:\08_Dataset\aug13_all\$IP3ZWI2.exe] 
ERROR:root:'DOS Header magic not found.' [FILE ID - D:\08_Dataset\aug13_all\$IFCC1CV.exe] 
ERROR:root:'DOS Header magic not found.' [FILE ID - D:\08_Dataset\aug13_all\$IP3ZWI2.exe] 
ERROR:root:'DOS Header magic not found.' [FILE ID - D:\08_Dataset\aug13_all\$IFCC1CV.exe] 
ERROR:root:'DOS Header magic not found.' [FILE ID - D:\08_Dataset\aug13_all\$IP3ZWI2.exe] 
ERROR:root:'DOS Header magic not found.' [FILE ID - D:\08_Dataset\aug13_all\$I9YRTXW.exe] 
ERROR:root:'DOS Header magic not found.' [FILE ID - D:\08_Dataset\aug13_all\$I9YRTXW.exe] 
ERROR:root:'DOS Header magic not found.' [FILE ID - D:\08_Dataset\aug13_all\$I9YRTXW.exe] 
ERROR:root:'DOS Header magic not found.' [FILE ID - D:\08_Dataset\aug13_all\$IJZRSHL.exe] 
ERROR:root:'DOS Header magic not found.' [FILE ID - D:\08_Dataset\aug13_all\$IJZRSHL.exe] 
ERROR:root:'DOS Header magic not found.' [FILE ID - D:\08_Dataset\aug13_all\$IJZRSHL.exe] 
ERROR:root:'DOS Header magic not found.' [FILE ID - D:\08_Dataset\aug13_all\$I8MQI8K.exe] 
ERROR:root:'DOS Header magic not found.' [FILE ID - D:\08_Dataset\aug13_all\$IQHU70B.exe] 
ERROR:root:'DOS Header magic not found.' [FILE ID - D:\08_Dataset\aug13_all\$I8MQI8K.exe] 
ERROR:root:'DOS Header magic not found.' [FILE ID - D:\08_Dataset\aug13_all\$IQHU70B.exe] 
ERROR:root:'DOS Header magic not found.' [FILE ID - D:\08_Dataset\aug13_all\$I8MQI8K.exe] 
ERROR:root:'DOS Header magic not found.' [FILE ID - D:\08_Dataset\aug13_all\$IQHU70B.exe] 
ERROR:root:'Invalid NT Headers signature. Probably a NE file' [FILE ID - D:\08_Dataset\aug13_all\SAVER.EXE] 
ERROR:root:'DOS Header magic not found.' [FILE ID - D:\08_Dataset\aug13_all\$ISWIZ9X.exe] 
ERROR:root:'Invalid NT Headers signature. Probably a NE file' [FILE ID - D:\08_Dataset\aug13_all\SAVER.EXE] 
ERROR:root:'DOS Header magic not found.' [FILE ID - D:\08_Dataset\aug13_all\$ISWIZ9X.exe] 
ERROR:root:'Invalid NT Headers signature. Probably a NE file' [FILE ID - D:\08_Dataset\aug13_all\SAVER.EXE] 
ERROR:root:'DOS Header magic not found.' [FILE ID - D:\08_Dataset\aug13_all\$ISWIZ9X.exe] 
ERROR:root:'DOS Header magic not found.' [FILE ID - D:\08_Dataset\aug13_all\$IH77JFE.exe] 
ERROR:root:'DOS Header magic not found.' [FILE ID - D:\08_Dataset\aug13_all\$IH77JFE.exe] 
ERROR:root:'DOS Header magic not found.' [FILE ID - D:\08_Dataset\aug13_all\$IH77JFE.exe] 
ERROR:root:'DOS Header magic not found.' [FILE ID - D:\08_Dataset\aug13_all\$I4Z981V.exe] 
ERROR:root:'DOS Header magic not found.' [FILE ID - D:\08_Dataset\aug13_all\$IV0MOZO.exe] 
ERROR:root:'DOS Header magic not found.' [FILE ID - D:\08_Dataset\aug13_all\$I4Z981V.exe] 
ERROR:root:'DOS Header magic not found.' [FILE ID - D:\08_Dataset\aug13_all\$IV0MOZO.exe] 
ERROR:root:'DOS Header magic not found.' [FILE ID - D:\08_Dataset\aug13_all\$I4Z981V.exe] 
ERROR:root:'DOS Header magic not found.' [FILE ID - D:\08_Dataset\aug13_all\$IV0MOZO.exe] 
ERROR:root:'DOS Header magic not found.' [FILE ID - D:\08_Dataset\aug13_all\$I3RCC0M.exe] 
ERROR:root:'DOS Header magic not found.' [FILE ID - D:\08_Dataset\aug13_all\$I3RCC0M.exe] 
ERROR:root:'DOS Header magic not found.' [FILE ID - D:\08_Dataset\aug13_all\$I3RCC0M.exe] 
ERROR:root:'DOS Header magic not found.' [FILE ID - D:\08_Dataset\aug13_all\$IG2BPCS.exe] 
ERROR:root:'DOS Header magic not found.' [FILE ID - D:\08_Dataset\aug13_all\$IG2BPCS.exe] 
ERROR:root:'DOS Header magic not found.' [FILE ID - D:\08_Dataset\aug13_all\$IG2BPCS.exe] 
ERROR:root:'DOS Header magic not found.' [FILE ID - D:\08_Dataset\aug13_all\$IM9J43D.exe] 
ERROR:root:'DOS Header magic not found.' [FILE ID - D:\08_Dataset\aug13_all\$IM9J43D.exe] 
ERROR:root:'DOS Header magic not found.' [FILE ID - D:\08_Dataset\aug13_all\$IM9J43D.exe] 
ERROR:root:'Invalid NT Headers signature. Probably a NE file' [FILE ID - D:\08_Dataset\aug13_all\urlproxy.exe] 
ERROR:root:'Invalid NT Headers signature. Probably a NE file' [FILE ID - D:\08_Dataset\aug13_all\urlproxy.exe] 
ERROR:root:'Invalid NT Headers signature. Probably a NE file' [FILE ID - D:\08_Dataset\aug13_all\urlproxy.exe] 
ERROR:root:'DOS Header magic not found.' [FILE ID - D:\08_Dataset\aug13_all\$IT95E6C.exe] 
ERROR:root:'DOS Header magic not found.' [FILE ID - D:\08_Dataset\aug13_all\$IVY6RWA.exe] 
ERROR:root:'DOS Header magic not found.' [FILE ID - D:\08_Dataset\aug13_all\$IT95E6C.exe] 
ERROR:root:'DOS Header magic not found.' [FILE ID - D:\08_Dataset\aug13_all\$IVY6RWA.exe] 
ERROR:root:'DOS Header magic not found.' [FILE ID - D:\08_Dataset\aug13_all\$IT95E6C.exe] 
ERROR:root:'DOS Header magic not found.' [FILE ID - D:\08_Dataset\aug13_all\$IVY6RWA.exe] 
ERROR:root:'DOS Header magic not found.' [FILE ID - D:\08_Dataset\aug13_all\$IVSAMLB.exe] 
ERROR:root:'DOS Header magic not found.' [FILE ID - D:\08_Dataset\aug13_all\$IVSAMLB.exe] 
ERROR:root:'DOS Header magic not found.' [FILE ID - D:\08_Dataset\aug13_all\$IVSAMLB.exe] 
ERROR:root:'DOS Header magic not found.' [FILE ID - D:\08_Dataset\aug13_all\$IONYOGU.exe] 
ERROR:root:'DOS Header magic not found.' [FILE ID - D:\08_Dataset\aug13_all\$IONYOGU.exe] 
ERROR:root:'DOS Header magic not found.' [FILE ID - D:\08_Dataset\aug13_all\$IONYOGU.exe] 
ERROR:root:'DOS Header magic not found.' [FILE ID - D:\08_Dataset\aug13_all\$IO2EMIZ.exe] 
ERROR:root:'DOS Header magic not found.' [FILE ID - D:\08_Dataset\aug13_all\$IX7SETE.exe] 
ERROR:root:'DOS Header magic not found.' [FILE ID - D:\08_Dataset\aug13_all\$IO2EMIZ.exe] 
ERROR:root:'DOS Header magic not found.' [FILE ID - D:\08_Dataset\aug13_all\$IX7SETE.exe] 
ERROR:root:'DOS Header magic not found.' [FILE ID - D:\08_Dataset\aug13_all\$IO2EMIZ.exe] 
ERROR:root:'DOS Header magic not found.' [FILE ID - D:\08_Dataset\aug13_all\$IX7SETE.exe] 
ERROR:root:'DOS Header magic not found.' [FILE ID - D:\08_Dataset\aug13_all\$IVVJSC4.exe] 
ERROR:root:'DOS Header magic not found.' [FILE ID - D:\08_Dataset\aug13_all\$IVVJSC4.exe] 
ERROR:root:'DOS Header magic not found.' [FILE ID - D:\08_Dataset\aug13_all\$IVVJSC4.exe] 
ERROR:root:'DOS Header magic not found.' [FILE ID - D:\08_Dataset\aug13_all\$I4XGPI4.exe] 
ERROR:root:'DOS Header magic not found.' [FILE ID - D:\08_Dataset\aug13_all\$I4XGPI4.exe] 
ERROR:root:'DOS Header magic not found.' [FILE ID - D:\08_Dataset\aug13_all\$I4XGPI4.exe] 
ERROR:root:'Invalid NT Headers signature. Probably a NE file' [FILE ID - D:\08_Dataset\aug13_all\W3LAUNCH.EXE] 
ERROR:root:'DOS Header magic not found.' [FILE ID - D:\08_Dataset\aug13_all\$IOL5N1A.exe] 
ERROR:root:'Invalid NT Headers signature. Probably a NE file' [FILE ID - D:\08_Dataset\aug13_all\W3LAUNCH.EXE] 
ERROR:root:'DOS Header magic not found.' [FILE ID - D:\08_Dataset\aug13_all\$IOL5N1A.exe] 
ERROR:root:'Invalid NT Headers signature. Probably a NE file' [FILE ID - D:\08_Dataset\aug13_all\W3LAUNCH.EXE] 
ERROR:root:'DOS Header magic not found.' [FILE ID - D:\08_Dataset\aug13_all\$IOL5N1A.exe] 
ERROR:root:'DOS Header magic not found.' [FILE ID - D:\08_Dataset\aug13_all\$I4DCE36.exe] 
ERROR:root:'DOS Header magic not found.' [FILE ID - D:\08_Dataset\aug13_all\$IDAES2K.exe] 
ERROR:root:'DOS Header magic not found.' [FILE ID - D:\08_Dataset\aug13_all\$I4DCE36.exe] 
ERROR:root:'DOS Header magic not found.' [FILE ID - D:\08_Dataset\aug13_all\$IDAES2K.exe] 
ERROR:root:'DOS Header magic not found.' [FILE ID - D:\08_Dataset\aug13_all\$I4DCE36.exe] 
ERROR:root:'DOS Header magic not found.' [FILE ID - D:\08_Dataset\aug13_all\$IDAES2K.exe] 
ERROR:root:'DOS Header magic not found.' [FILE ID - D:\08_Dataset\aug13_all\$IK6UG2U.exe] 
ERROR:root:'DOS Header magic not found.' [FILE ID - D:\08_Dataset\aug13_all\$IK6UG2U.exe] 
ERROR:root:'DOS Header magic not found.' [FILE ID - D:\08_Dataset\aug13_all\$IK6UG2U.exe] 
ERROR:root:'DOS Header magic not found.' [FILE ID - D:\08_Dataset\aug13_all\_90E1D72CD16AC2424C9950.exe] 
ERROR:root:'DOS Header magic not found.' [FILE ID - D:\08_Dataset\aug13_all\_90E1D72CD16AC2424C9950.exe] 
ERROR:root:'DOS Header magic not found.' [FILE ID - D:\08_Dataset\aug13_all\_90E1D72CD16AC2424C9950.exe] 
ERROR:root:'DOS Header magic not found.' [FILE ID - D:\08_Dataset\aug13_all\$I47TLED.exe] 
ERROR:root:'DOS Header magic not found.' [FILE ID - D:\08_Dataset\aug13_all\$I47TLED.exe] 
ERROR:root:'DOS Header magic not found.' [FILE ID - D:\08_Dataset\aug13_all\$I47TLED.exe] 
ERROR:root:'DOS Header magic not found.' [FILE ID - D:\08_Dataset\aug13_all\$IKTXLAR.exe] 
ERROR:root:'DOS Header magic not found.' [FILE ID - D:\08_Dataset\aug13_all\$IKTXLAR.exe] 
ERROR:root:'DOS Header magic not found.' [FILE ID - D:\08_Dataset\aug13_all\$IKTXLAR.exe] 
ERROR:root:'DOS Header magic not found.' [FILE ID - D:\08_Dataset\aug13_all\$IH7CS6B.exe] 
ERROR:root:'DOS Header magic not found.' [FILE ID - D:\08_Dataset\aug13_all\$IH7CS6B.exe] 
ERROR:root:'DOS Header magic not found.' [FILE ID - D:\08_Dataset\aug13_all\$IH7CS6B.exe] 
ERROR:root:'DOS Header magic not found.' [FILE ID - D:\08_Dataset\aug13_all\$I8P9APU.exe] 
ERROR:root:'DOS Header magic not found.' [FILE ID - D:\08_Dataset\aug13_all\$I8P9APU.exe] 
ERROR:root:'DOS Header magic not found.' [FILE ID - D:\08_Dataset\aug13_all\$I8P9APU.exe] 
ERROR:root:'DOS Header magic not found.' [FILE ID - D:\08_Dataset\aug13_all\$IV88654.exe] 
ERROR:root:'DOS Header magic not found.' [FILE ID - D:\08_Dataset\aug13_all\$IV88654.exe] 
ERROR:root:'DOS Header magic not found.' [FILE ID - D:\08_Dataset\aug13_all\$IV88654.exe] 
ERROR:root:'DOS Header magic not found.' [FILE ID - D:\08_Dataset\aug13_all\$IBYZCJL.exe] 
ERROR:root:'DOS Header magic not found.' [FILE ID - D:\08_Dataset\aug13_all\$IS9BYSW.exe] 
ERROR:root:'DOS Header magic not found.' [FILE ID - D:\08_Dataset\aug13_all\$IBYZCJL.exe] 
ERROR:root:'DOS Header magic not found.' [FILE ID - D:\08_Dataset\aug13_all\$IS9BYSW.exe] 
ERROR:root:'DOS Header magic not found.' [FILE ID - D:\08_Dataset\aug13_all\$IBYZCJL.exe] 
ERROR:root:'DOS Header magic not found.' [FILE ID - D:\08_Dataset\aug13_all\$IS9BYSW.exe] 
ERROR:root:'DOS Header magic not found.' [FILE ID - D:\08_Dataset\aug13_all\$INS8FGP.exe] 
ERROR:root:'DOS Header magic not found.' [FILE ID - D:\08_Dataset\aug13_all\$INS8FGP.exe] 
ERROR:root:'DOS Header magic not found.' [FILE ID - D:\08_Dataset\aug13_all\$INS8FGP.exe] 
ERROR:root:'DOS Header magic not found.' [FILE ID - D:\08_Dataset\aug13_all\$ICCK5TB.exe] 
ERROR:root:'DOS Header magic not found.' [FILE ID - D:\08_Dataset\aug13_all\$ICCK5TB.exe] 
ERROR:root:'DOS Header magic not found.' [FILE ID - D:\08_Dataset\aug13_all\$ICCK5TB.exe] 
